2025-07-17 22:10:20 [INFO] - Database initialized successfully
2025-07-17 22:10:20 [ERROR] - Failed to load model: [Errno 2] No such file or directory: 'fraud_detection_model.joblib'
2025-07-17 22:10:20 [INFO] - Starting model training...
2025-07-17 22:10:47 [ERROR] - Model training failed: Unable to allocate 1.14 GiB for an array with shape (24, 6362620) and data type float64
2025-07-17 22:18:13 [INFO] - Session started - User: ProthamDT2004, Time: 2025-07-17 16:48:13
2025-07-17 22:18:13 [INFO] - Database initialized successfully
2025-07-17 22:18:13 [INFO] - Starting model training...
2025-07-17 22:18:13 [INFO] - Processing batch 1 for scaling parameters...
2025-07-17 22:18:13 [INFO] - Processing batch 2 for scaling parameters...
2025-07-17 22:18:14 [INFO] - Processing batch 3 for scaling parameters...
2025-07-17 22:18:15 [INFO] - Processing batch 4 for scaling parameters...
2025-07-17 22:18:15 [INFO] - Processing batch 5 for scaling parameters...
2025-07-17 22:18:16 [INFO] - Processing batch 6 for scaling parameters...
2025-07-17 22:18:16 [INFO] - Processing batch 7 for scaling parameters...
2025-07-17 22:18:17 [INFO] - Processing batch 8 for scaling parameters...
2025-07-17 22:18:18 [INFO] - Processing batch 9 for scaling parameters...
2025-07-17 22:18:18 [INFO] - Processing batch 10 for scaling parameters...
2025-07-17 22:18:18 [INFO] - Processing batch 11 for scaling parameters...
2025-07-17 22:18:19 [INFO] - Processing batch 12 for scaling parameters...
2025-07-17 22:18:19 [INFO] - Processing batch 13 for scaling parameters...
2025-07-17 22:18:20 [INFO] - Processing batch 14 for scaling parameters...
2025-07-17 22:18:20 [INFO] - Processing batch 15 for scaling parameters...
2025-07-17 22:18:20 [INFO] - Processing batch 16 for scaling parameters...
2025-07-17 22:18:21 [INFO] - Processing batch 17 for scaling parameters...
2025-07-17 22:18:21 [INFO] - Processing batch 18 for scaling parameters...
2025-07-17 22:18:21 [INFO] - Processing batch 19 for scaling parameters...
2025-07-17 22:18:22 [INFO] - Processing batch 20 for scaling parameters...
2025-07-17 22:18:22 [INFO] - Processing batch 21 for scaling parameters...
2025-07-17 22:18:22 [INFO] - Processing batch 22 for scaling parameters...
2025-07-17 22:18:23 [INFO] - Processing batch 23 for scaling parameters...
2025-07-17 22:18:23 [INFO] - Processing batch 24 for scaling parameters...
2025-07-17 22:18:23 [INFO] - Processing batch 25 for scaling parameters...
2025-07-17 22:18:24 [INFO] - Processing batch 26 for scaling parameters...
2025-07-17 22:18:24 [INFO] - Processing batch 27 for scaling parameters...
2025-07-17 22:18:24 [INFO] - Processing batch 28 for scaling parameters...
2025-07-17 22:18:25 [INFO] - Processing batch 29 for scaling parameters...
2025-07-17 22:18:25 [INFO] - Processing batch 30 for scaling parameters...
2025-07-17 22:18:25 [INFO] - Processing batch 31 for scaling parameters...
2025-07-17 22:18:26 [INFO] - Processing batch 32 for scaling parameters...
2025-07-17 22:18:26 [INFO] - Processing batch 33 for scaling parameters...
2025-07-17 22:18:27 [INFO] - Processing batch 34 for scaling parameters...
2025-07-17 22:18:27 [INFO] - Processing batch 35 for scaling parameters...
2025-07-17 22:18:28 [INFO] - Processing batch 36 for scaling parameters...
2025-07-17 22:18:28 [INFO] - Processing batch 37 for scaling parameters...
2025-07-17 22:18:29 [INFO] - Processing batch 38 for scaling parameters...
2025-07-17 22:18:29 [INFO] - Processing batch 39 for scaling parameters...
2025-07-17 22:18:30 [INFO] - Processing batch 40 for scaling parameters...
2025-07-17 22:18:30 [INFO] - Processing batch 41 for scaling parameters...
2025-07-17 22:18:31 [INFO] - Processing batch 42 for scaling parameters...
2025-07-17 22:18:31 [INFO] - Processing batch 43 for scaling parameters...
2025-07-17 22:18:32 [INFO] - Processing batch 44 for scaling parameters...
2025-07-17 22:18:32 [INFO] - Processing batch 45 for scaling parameters...
2025-07-17 22:18:32 [INFO] - Processing batch 46 for scaling parameters...
2025-07-17 22:18:33 [INFO] - Processing batch 47 for scaling parameters...
2025-07-17 22:18:33 [INFO] - Processing batch 48 for scaling parameters...
2025-07-17 22:18:33 [INFO] - Processing batch 49 for scaling parameters...
2025-07-17 22:18:34 [INFO] - Processing batch 50 for scaling parameters...
2025-07-17 22:18:34 [INFO] - Processing batch 51 for scaling parameters...
2025-07-17 22:18:34 [INFO] - Processing batch 52 for scaling parameters...
2025-07-17 22:18:35 [INFO] - Processing batch 53 for scaling parameters...
2025-07-17 22:18:35 [INFO] - Processing batch 54 for scaling parameters...
2025-07-17 22:18:35 [INFO] - Processing batch 55 for scaling parameters...
2025-07-17 22:18:36 [INFO] - Processing batch 56 for scaling parameters...
2025-07-17 22:18:36 [INFO] - Processing batch 57 for scaling parameters...
2025-07-17 22:18:36 [INFO] - Processing batch 58 for scaling parameters...
2025-07-17 22:18:37 [INFO] - Processing batch 59 for scaling parameters...
2025-07-17 22:18:37 [INFO] - Processing batch 60 for scaling parameters...
2025-07-17 22:18:37 [INFO] - Processing batch 61 for scaling parameters...
2025-07-17 22:18:38 [INFO] - Processing batch 62 for scaling parameters...
2025-07-17 22:18:38 [INFO] - Processing batch 63 for scaling parameters...
2025-07-17 22:18:38 [INFO] - Processing batch 64 for scaling parameters...
2025-07-17 22:18:39 [INFO] - Training on batch 1...
2025-07-17 22:18:39 [ERROR] - Model training failed: 'isFraud'
